# JRE version: Java(TM) SE Runtime Environment (17.0.6+9) (build 17.0.6+9-LTS-190)
# Java VM: Java HotSpot(TM) 64-Bit Server VM (17.0.6+9-LTS-190, mixed mode, emulated-client, sharing, tiered, compressed oops, compressed class ptrs, g1 gc, windows-amd64)
GC Precious Log:
 CPUs: 8 total, 8 available
 Memory: 16167M
 Large Page Support: Disabled
 NUMA Support: Disabled
 Compressed Oops: Enabled (Zero based)
 Heap Region Size: 2M
 Heap Min Capacity: 8M
 Heap Initial Capacity: 254M
 Heap Max Capacity: 4042M
 Pre-touch: Disabled
 Parallel Workers: 8
 Concurrent Workers: 2
 Concurrent Refinement Workers: 8
 Periodic GC: Disabled
Heap:
 garbage-first heap   total 315392K, used 158468K [0x0000000703600000, 0x0000000800000000)
  region size 2048K, 4 young (8192K), 4 survivors (8192K)
 Metaspace       used 80941K, committed 81536K, reserved 1122304K
  class space    used 11429K, committed 11712K, reserved 1048576K
GC Heap History (20 events):
Event: 6.974 GC heap after
{Heap after GC invocations=22 (full 0):
 garbage-first heap   total 110592K, used 55225K [0x0000000703600000, 0x0000000800000000)
  region size 2048K, 3 young (6144K), 3 survivors (6144K)
 Metaspace       used 72423K, committed 73024K, reserved 1114112K
  class space    used 10263K, committed 10560K, reserved 1048576K
}
Event: 7.016 GC heap before
{Heap before GC invocations=22 (full 0):
 garbage-first heap   total 110592K, used 81849K [0x0000000703600000, 0x0000000800000000)
  region size 2048K, 17 young (34816K), 3 survivors (6144K)
 Metaspace       used 72423K, committed 73024K, reserved 1114112K
  class space    used 10263K, committed 10560K, reserved 1048576K
}
Event: 7.021 GC heap after
{Heap after GC invocations=23 (full 0):
 garbage-first heap   total 221184K, used 64917K [0x0000000703600000, 0x0000000800000000)
  region size 2048K, 3 young (6144K), 3 survivors (6144K)
 Metaspace       used 72423K, committed 73024K, reserved 1114112K
  class space    used 10263K, committed 10560K, reserved 1048576K
}
Event: 7.107 GC heap before
{Heap before GC invocations=23 (full 0):
 garbage-first heap   total 221184K, used 142741K [0x0000000703600000, 0x0000000800000000)
  region size 2048K, 42 young (86016K), 3 survivors (6144K)
 Metaspace       used 72431K, committed 73024K, reserved 1114112K
  class space    used 10265K, committed 10560K, reserved 1048576K
}
Event: 7.115 GC heap after
{Heap after GC invocations=24 (full 0):
 garbage-first heap   total 221184K, used 83297K [0x0000000703600000, 0x0000000800000000)
  region size 2048K, 6 young (12288K), 6 survivors (12288K)
 Metaspace       used 72431K, committed 73024K, reserved 1114112K
  class space    used 10265K, committed 10560K, reserved 1048576K
}
Event: 23.237 GC heap before
{Heap before GC invocations=24 (full 0):
 garbage-first heap   total 221184K, used 148833K [0x0000000703600000, 0x0000000800000000)
  region size 2048K, 39 young (79872K), 6 survivors (12288K)
 Metaspace       used 79291K, committed 79872K, reserved 1122304K
  class space    used 11163K, committed 11456K, reserved 1048576K
}
Event: 23.246 GC heap after
{Heap after GC invocations=25 (full 0):
 garbage-first heap   total 221184K, used 98114K [0x0000000703600000, 0x0000000800000000)
  region size 2048K, 5 young (10240K), 5 survivors (10240K)
 Metaspace       used 79291K, committed 79872K, reserved 1122304K
  class space    used 11163K, committed 11456K, reserved 1048576K
}
Event: 23.279 GC heap before
{Heap before GC invocations=25 (full 0):
 garbage-first heap   total 221184K, used 141122K [0x0000000703600000, 0x0000000800000000)
  region size 2048K, 28 young (57344K), 5 survivors (10240K)
 Metaspace       used 79291K, committed 79872K, reserved 1122304K
  class space    used 11163K, committed 11456K, reserved 1048576K
}
Event: 23.289 GC heap after
{Heap after GC invocations=26 (full 0):
 garbage-first heap   total 221184K, used 145195K [0x0000000703600000, 0x0000000800000000)
  region size 2048K, 5 young (10240K), 5 survivors (10240K)
 Metaspace       used 79291K, committed 79872K, reserved 1122304K
  class space    used 11163K, committed 11456K, reserved 1048576K
}
Event: 24.010 GC heap before
{Heap before GC invocations=27 (full 0):
 garbage-first heap   total 315392K, used 204587K [0x0000000703600000, 0x0000000800000000)
  region size 2048K, 15 young (30720K), 5 survivors (10240K)
 Metaspace       used 79476K, committed 80064K, reserved 1122304K
  class space    used 11208K, committed 11520K, reserved 1048576K
}
Event: 24.013 GC heap after
{Heap after GC invocations=28 (full 0):
 garbage-first heap   total 315392K, used 157508K [0x0000000703600000, 0x0000000800000000)
  region size 2048K, 2 young (4096K), 2 survivors (4096K)
 Metaspace       used 79476K, committed 80064K, reserved 1122304K
  class space    used 11208K, committed 11520K, reserved 1048576K
}
Event: 24.022 GC heap before
{Heap before GC invocations=28 (full 0):
 garbage-first heap   total 315392K, used 165700K [0x0000000703600000, 0x0000000800000000)
  region size 2048K, 7 young (14336K), 2 survivors (4096K)
 Metaspace       used 79476K, committed 80064K, reserved 1122304K
  class space    used 11208K, committed 11520K, reserved 1048576K
}
Event: 24.023 GC heap after
{Heap after GC invocations=29 (full 0):
 garbage-first heap   total 315392K, used 150196K [0x0000000703600000, 0x0000000800000000)
  region size 2048K, 1 young (2048K), 1 survivors (2048K)
 Metaspace       used 79476K, committed 80064K, reserved 1122304K
  class space    used 11208K, committed 11520K, reserved 1048576K
}
Event: 24.041 GC heap before
{Heap before GC invocations=29 (full 0):
 garbage-first heap   total 315392K, used 170676K [0x0000000703600000, 0x0000000800000000)
  region size 2048K, 12 young (24576K), 1 survivors (2048K)
 Metaspace       used 79476K, committed 80064K, reserved 1122304K
  class space    used 11208K, committed 11520K, reserved 1048576K
}
Event: 24.044 GC heap after
{Heap after GC invocations=30 (full 0):
 garbage-first heap   total 315392K, used 172832K [0x0000000703600000, 0x0000000800000000)
  region size 2048K, 4 young (8192K), 4 survivors (8192K)
 Metaspace       used 79476K, committed 80064K, reserved 1122304K
  class space    used 11208K, committed 11520K, reserved 1048576K
}
Event: 164.799 GC heap before
{Heap before GC invocations=31 (full 0):
 garbage-first heap   total 315392K, used 197408K [0x0000000703600000, 0x0000000800000000)
  region size 2048K, 22 young (45056K), 4 survivors (8192K)
 Metaspace       used 80941K, committed 81536K, reserved 1122304K
  class space    used 11429K, committed 11712K, reserved 1048576K
}
Event: 164.803 GC heap after
{Heap after GC invocations=32 (full 0):
 garbage-first heap   total 315392K, used 142440K [0x0000000703600000, 0x0000000800000000)
  region size 2048K, 3 young (6144K), 3 survivors (6144K)
 Metaspace       used 80941K, committed 81536K, reserved 1122304K
  class space    used 11429K, committed 11712K, reserved 1048576K
}
Event: 164.808 GC heap before
{Heap before GC invocations=32 (full 0):
 garbage-first heap   total 315392K, used 148584K [0x0000000703600000, 0x0000000800000000)
  region size 2048K, 7 young (14336K), 3 survivors (6144K)
 Metaspace       used 80941K, committed 81536K, reserved 1122304K
  class space    used 11429K, committed 11712K, reserved 1048576K
}
Event: 164.810 GC heap after
{Heap after GC invocations=33 (full 0):
 garbage-first heap   total 315392K, used 142574K [0x0000000703600000, 0x0000000800000000)
  region size 2048K, 1 young (2048K), 1 survivors (2048K)
 Metaspace       used 80941K, committed 81536K, reserved 1122304K
  class space    used 11429K, committed 11712K, reserved 1048576K
}
Event: 164.821 GC heap before
{Heap before GC invocations=33 (full 0):
 garbage-first heap   total 315392K, used 156910K [0x0000000703600000, 0x0000000800000000)
  region size 2048K, 9 young (18432K), 1 survivors (2048K)
 Metaspace       used 80941K, committed 81536K, reserved 1122304K
  class space    used 11429K, committed 11712K, reserved 1048576K
}

