# JRE version: Java(TM) SE Runtime Environment (17.0.6+9) (build 17.0.6+9-LTS-190)
# Java VM: Java HotSpot(TM) 64-Bit Server VM (17.0.6+9-LTS-190, mixed mode, emulated-client, sharing, tiered, compressed oops, compressed class ptrs, g1 gc, windows-amd64)
GC Precious Log:
 CPUs: 8 total, 8 available
 Memory: 16167M
 Large Page Support: Disabled
 NUMA Support: Disabled
 Compressed Oops: Enabled (Zero based)
 Heap Region Size: 2M
 Heap Min Capacity: 8M
 Heap Initial Capacity: 254M
 Heap Max Capacity: 4042M
 Pre-touch: Disabled
 Parallel Workers: 8
 Concurrent Workers: 2
 Concurrent Refinement Workers: 8
 Periodic GC: Disabled
Heap:
 garbage-first heap   total 131072K, used 59010K [0x0000000703600000, 0x0000000800000000)
  region size 2048K, 7 young (14336K), 3 survivors (6144K)
 Metaspace       used 72417K, committed 73152K, reserved 1114112K
  class space    used 10566K, committed 10944K, reserved 1048576K
GC Heap History (20 events):
Event: 8.276 GC heap before
{Heap before GC invocations=16 (full 0):
 garbage-first heap   total 81920K, used 62322K [0x0000000703600000, 0x0000000800000000)
  region size 2048K, 18 young (36864K), 2 survivors (4096K)
 Metaspace       used 60062K, committed 60672K, reserved 1105920K
  class space    used 8812K, committed 9088K, reserved 1048576K
}
Event: 8.280 GC heap after
{Heap after GC invocations=17 (full 0):
 garbage-first heap   total 81920K, used 31304K [0x0000000703600000, 0x0000000800000000)
  region size 2048K, 2 young (4096K), 2 survivors (4096K)
 Metaspace       used 60062K, committed 60672K, reserved 1105920K
  class space    used 8812K, committed 9088K, reserved 1048576K
}
Event: 8.501 GC heap before
{Heap before GC invocations=18 (full 0):
 garbage-first heap   total 81920K, used 59976K [0x0000000703600000, 0x0000000800000000)
  region size 2048K, 17 young (34816K), 2 survivors (4096K)
 Metaspace       used 61724K, committed 62272K, reserved 1105920K
  class space    used 9091K, committed 9344K, reserved 1048576K
}
Event: 8.503 GC heap after
{Heap after GC invocations=19 (full 0):
 garbage-first heap   total 81920K, used 32135K [0x0000000703600000, 0x0000000800000000)
  region size 2048K, 2 young (4096K), 2 survivors (4096K)
 Metaspace       used 61724K, committed 62272K, reserved 1105920K
  class space    used 9091K, committed 9344K, reserved 1048576K
}
Event: 8.947 GC heap before
{Heap before GC invocations=19 (full 0):
 garbage-first heap   total 81920K, used 64903K [0x0000000703600000, 0x0000000800000000)
  region size 2048K, 18 young (36864K), 2 survivors (4096K)
 Metaspace       used 65883K, committed 66560K, reserved 1105920K
  class space    used 9650K, committed 9984K, reserved 1048576K
}
Event: 8.951 GC heap after
{Heap after GC invocations=20 (full 0):
 garbage-first heap   total 81920K, used 35593K [0x0000000703600000, 0x0000000800000000)
  region size 2048K, 3 young (6144K), 3 survivors (6144K)
 Metaspace       used 65883K, committed 66560K, reserved 1105920K
  class space    used 9650K, committed 9984K, reserved 1048576K
}
Event: 9.054 GC heap before
{Heap before GC invocations=20 (full 0):
 garbage-first heap   total 81920K, used 62217K [0x0000000703600000, 0x0000000800000000)
  region size 2048K, 17 young (34816K), 3 survivors (6144K)
 Metaspace       used 66522K, committed 67136K, reserved 1105920K
  class space    used 9723K, committed 10048K, reserved 1048576K
}
Event: 9.059 GC heap after
{Heap after GC invocations=21 (full 0):
 garbage-first heap   total 81920K, used 41732K [0x0000000703600000, 0x0000000800000000)
  region size 2048K, 3 young (6144K), 3 survivors (6144K)
 Metaspace       used 66522K, committed 67136K, reserved 1105920K
  class space    used 9723K, committed 10048K, reserved 1048576K
}
Event: 9.106 GC heap before
{Heap before GC invocations=21 (full 0):
 garbage-first heap   total 81920K, used 62212K [0x0000000703600000, 0x0000000800000000)
  region size 2048K, 13 young (26624K), 3 survivors (6144K)
 Metaspace       used 66584K, committed 67264K, reserved 1114112K
  class space    used 9732K, committed 10048K, reserved 1048576K
}
Event: 9.111 GC heap after
{Heap after GC invocations=22 (full 0):
 garbage-first heap   total 81920K, used 47039K [0x0000000703600000, 0x0000000800000000)
  region size 2048K, 2 young (4096K), 2 survivors (4096K)
 Metaspace       used 66584K, committed 67264K, reserved 1114112K
  class space    used 9732K, committed 10048K, reserved 1048576K
}
Event: 9.154 GC heap before
{Heap before GC invocations=22 (full 0):
 garbage-first heap   total 81920K, used 59327K [0x0000000703600000, 0x0000000800000000)
  region size 2048K, 9 young (18432K), 2 survivors (4096K)
 Metaspace       used 66617K, committed 67264K, reserved 1114112K
  class space    used 9737K, committed 10048K, reserved 1048576K
}
Event: 9.158 GC heap after
{Heap after GC invocations=23 (full 0):
 garbage-first heap   total 116736K, used 50722K [0x0000000703600000, 0x0000000800000000)
  region size 2048K, 2 young (4096K), 2 survivors (4096K)
 Metaspace       used 66617K, committed 67264K, reserved 1114112K
  class space    used 9737K, committed 10048K, reserved 1048576K
}
Event: 9.258 GC heap before
{Heap before GC invocations=24 (full 0):
 garbage-first heap   total 131072K, used 83490K [0x0000000703600000, 0x0000000800000000)
  region size 2048K, 19 young (38912K), 2 survivors (4096K)
 Metaspace       used 66617K, committed 67264K, reserved 1114112K
  class space    used 9737K, committed 10048K, reserved 1048576K
}
Event: 9.259 GC heap after
{Heap after GC invocations=25 (full 0):
 garbage-first heap   total 131072K, used 48474K [0x0000000703600000, 0x0000000800000000)
  region size 2048K, 1 young (2048K), 1 survivors (2048K)
 Metaspace       used 66617K, committed 67264K, reserved 1114112K
  class space    used 9737K, committed 10048K, reserved 1048576K
}
Event: 9.338 GC heap before
{Heap before GC invocations=25 (full 0):
 garbage-first heap   total 131072K, used 95578K [0x0000000703600000, 0x0000000800000000)
  region size 2048K, 25 young (51200K), 1 survivors (2048K)
 Metaspace       used 66625K, committed 67328K, reserved 1114112K
  class space    used 9738K, committed 10048K, reserved 1048576K
}
Event: 9.341 GC heap after
{Heap after GC invocations=26 (full 0):
 garbage-first heap   total 131072K, used 48986K [0x0000000703600000, 0x0000000800000000)
  region size 2048K, 1 young (2048K), 1 survivors (2048K)
 Metaspace       used 66625K, committed 67328K, reserved 1114112K
  class space    used 9738K, committed 10048K, reserved 1048576K
}
Event: 9.581 GC heap before
{Heap before GC invocations=26 (full 0):
 garbage-first heap   total 131072K, used 98138K [0x0000000703600000, 0x0000000800000000)
  region size 2048K, 26 young (53248K), 1 survivors (2048K)
 Metaspace       used 67954K, committed 68608K, reserved 1114112K
  class space    used 9928K, committed 10240K, reserved 1048576K
}
Event: 9.583 GC heap after
{Heap after GC invocations=27 (full 0):
 garbage-first heap   total 131072K, used 49110K [0x0000000703600000, 0x0000000800000000)
  region size 2048K, 1 young (2048K), 1 survivors (2048K)
 Metaspace       used 67954K, committed 68608K, reserved 1114112K
  class space    used 9928K, committed 10240K, reserved 1048576K
}
Event: 17870.182 GC heap before
{Heap before GC invocations=27 (full 0):
 garbage-first heap   total 131072K, used 100310K [0x0000000703600000, 0x0000000800000000)
  region size 2048K, 27 young (55296K), 1 survivors (2048K)
 Metaspace       used 72378K, committed 73088K, reserved 1114112K
  class space    used 10556K, committed 10880K, reserved 1048576K
}
Event: 17870.219 GC heap after
{Heap after GC invocations=28 (full 0):
 garbage-first heap   total 131072K, used 52866K [0x0000000703600000, 0x0000000800000000)
  region size 2048K, 3 young (6144K), 3 survivors (6144K)
 Metaspace       used 72378K, committed 73088K, reserved 1114112K
  class space    used 10556K, committed 10880K, reserved 1048576K
}

